[34m2020-07-06 19:04:04.852 UTC [nodeCmd] serve -> INFO 001[0m Starting peer:
 Version: 2.1.0
 Commit SHA: 1bdf97537
 Go version: go1.14.1
 OS/Arch: linux/amd64
 Chaincode:
  Base Docker Label: org.hyperledger.fabric
  Docker Namespace: hyperledger
[34m2020-07-06 19:04:04.853 UTC [peer] getLocalAddress -> INFO 002[0m Auto-detected peer address: 10.0.2.15:9051
[34m2020-07-06 19:04:04.854 UTC [peer] getLocalAddress -> INFO 003[0m Returning localhost:9051
[34m2020-07-06 19:04:04.914 UTC [ledgermgmt] NewLedgerMgr -> INFO 004[0m Initializing LedgerMgr
[34m2020-07-06 19:04:04.984 UTC [leveldbhelper] openDBAndCheckFormat -> INFO 005[0m DB is empty Setting db format as 2.0
[34m2020-07-06 19:04:04.987 UTC [fsblkstorage] NewProvider -> INFO 006[0m Creating new file ledger directory at /var/ledgers/multi-org-ca/budget/budget-peer1/ledger/ledgersData/chains/chains
[34m2020-07-06 19:04:05.029 UTC [leveldbhelper] openDBAndCheckFormat -> INFO 007[0m DB is empty Setting db format as 2.0
[34m2020-07-06 19:04:05.108 UTC [leveldbhelper] openDBAndCheckFormat -> INFO 008[0m DB is empty Setting db format as 2.0
[34m2020-07-06 19:04:05.117 UTC [ledgermgmt] NewLedgerMgr -> INFO 009[0m Initialized LedgerMgr
[34m2020-07-06 19:04:05.147 UTC [gossip.service] New -> INFO 00a[0m Initialize gossip with endpoint localhost:9051
[34m2020-07-06 19:04:05.151 UTC [gossip.gossip] New -> INFO 00b[0m Creating gossip service with self membership of Endpoint: , InternalEndpoint: localhost:9051, PKI-ID: 2fe670684cedd5c52a90f8875fa7c09b1b062697107a2541aabed76e6c6c6f09, Metadata: 
[33m2020-07-06 19:04:05.153 UTC [gossip.gossip] New -> WARN 00c[0m External endpoint is empty, peer will not be accessible outside of its organization
[34m2020-07-06 19:04:05.153 UTC [lifecycle] InitializeLocalChaincodes -> INFO 00d[0m Initialized lifecycle cache with 0 already installed chaincodes
[34m2020-07-06 19:04:05.159 UTC [nodeCmd] computeChaincodeEndpoint -> INFO 00f[0m Entering computeChaincodeEndpoint with peerHostname: localhost
[34m2020-07-06 19:04:05.161 UTC [nodeCmd] computeChaincodeEndpoint -> INFO 010[0m Exit with ccEndpoint: localhost:9052
[34m2020-07-06 19:04:05.158 UTC [gossip.gossip] start -> INFO 00e[0m Gossip instance localhost:9051 started
[34m2020-07-06 19:04:05.208 UTC [sccapi] DeploySysCC -> INFO 011[0m deploying system chaincode 'lscc'
[33m2020-07-06 19:04:05.209 UTC [gossip.comm] authenticateRemotePeer -> WARN 012[0m Identity store rejected 127.0.0.1:7051 : failed classifying identity: Unable to extract msp.Identity from peer Identity: Peer Identity {"CN":"peer1","Issuer-CN":"Acme-CA","Issuer-L-ST-C":"[Newark]-[]-[US]","Issuer-OU":["B2B"],"L-ST-C":"[]-[]-[US]","MSP":"AcmeMSP","OU":["peer","acme"]} cannot be validated. No MSP found able to do that.
[33m2020-07-06 19:04:05.212 UTC [gossip.comm] Handshake -> WARN 014[0m Authentication failed: failed classifying identity: Unable to extract msp.Identity from peer Identity: Peer Identity {"CN":"peer1","Issuer-CN":"Acme-CA","Issuer-L-ST-C":"[Newark]-[]-[US]","Issuer-OU":["B2B"],"L-ST-C":"[]-[]-[US]","MSP":"AcmeMSP","OU":["peer","acme"]} cannot be validated. No MSP found able to do that.
[34m2020-07-06 19:04:05.212 UTC [sccapi] DeploySysCC -> INFO 013[0m deploying system chaincode 'cscc'
[33m2020-07-06 19:04:05.214 UTC [gossip.discovery] func1 -> WARN 015[0m Could not connect to Endpoint: localhost:7051, InternalEndpoint: localhost:7051, PKI-ID: <nil>, Metadata:  : failed classifying identity: Unable to extract msp.Identity from peer Identity: Peer Identity {"CN":"peer1","Issuer-CN":"Acme-CA","Issuer-L-ST-C":"[Newark]-[]-[US]","Issuer-OU":["B2B"],"L-ST-C":"[]-[]-[US]","MSP":"AcmeMSP","OU":["peer","acme"]} cannot be validated. No MSP found able to do that.
[34m2020-07-06 19:04:05.215 UTC [sccapi] DeploySysCC -> INFO 016[0m deploying system chaincode 'qscc'
[34m2020-07-06 19:04:05.216 UTC [sccapi] DeploySysCC -> INFO 017[0m deploying system chaincode '_lifecycle'
[34m2020-07-06 19:04:05.216 UTC [nodeCmd] serve -> INFO 018[0m Deployed system chaincodes
[34m2020-07-06 19:04:05.217 UTC [discovery] NewService -> INFO 019[0m Created with config TLS: false, authCacheMaxSize: 1000, authCachePurgeRatio: 0.750000
[34m2020-07-06 19:04:05.220 UTC [nodeCmd] registerDiscoveryService -> INFO 01a[0m Discovery service activated
[34m2020-07-06 19:04:05.220 UTC [nodeCmd] serve -> INFO 01b[0m Starting peer with ID=[budget-peer1], network ID=[dev], address=[localhost:9051]
[34m2020-07-06 19:04:05.221 UTC [nodeCmd] serve -> INFO 01c[0m Started peer with ID=[budget-peer1], network ID=[dev], address=[localhost:9051]
[34m2020-07-06 19:04:05.221 UTC [kvledger] LoadPreResetHeight -> INFO 01d[0m Loading prereset height from path [/var/ledgers/multi-org-ca/budget/budget-peer1/ledger/ledgersData/chains]
[34m2020-07-06 19:04:05.222 UTC [fsblkstorage] preResetHtFiles -> INFO 01e[0m No active channels passed
[34m2020-07-06 19:04:17.062 UTC [ledgermgmt] CreateLedger -> INFO 01f[0m Creating ledger [airlinechannel] with genesis block
[34m2020-07-06 19:04:17.141 UTC [fsblkstorage] newBlockfileMgr -> INFO 020[0m Getting block information from block storage
[34m2020-07-06 19:04:17.189 UTC [kvledger] CommitLegacy -> INFO 021[0m [airlinechannel] Committed block [0] with 1 transaction(s) in 39ms (state_validation=0ms block_and_pvtdata_commit=16ms state_commit=19ms) commitHash=[]
[34m2020-07-06 19:04:17.195 UTC [ledgermgmt] CreateLedger -> INFO 022[0m Created ledger [airlinechannel] with genesis block
[31m2020-07-06 19:04:17.202 UTC [gossip.service] updateAnchors -> ERRO 023[0m Tried joining channel airlinechannel but our org( BudgetMSP ), isn't among the orgs of the channel: [AcmeMSP] , aborting.
[34m2020-07-06 19:04:17.211 UTC [gossip.state] NewGossipStateProvider -> INFO 024[0m Updating metadata information for channel airlinechannel, current ledger sequence is at = 0, next expected block is = 1
[33m2020-07-06 19:04:17.212 UTC [gossip.gossip] UpdateLedgerHeight -> WARN 025[0m No such channel [97 105 114 108 105 110 101 99 104 97 110 110 101 108]
[33m2020-07-06 19:04:17.213 UTC [gossip.gossip] UpdateChaincodes -> WARN 026[0m No such channel [97 105 114 108 105 110 101 99 104 97 110 110 101 108]
[34m2020-07-06 19:04:17.213 UTC [endorser] callChaincode -> INFO 027[0m finished chaincode: cscc duration: 161ms channel= txID=4e03dea3
[34m2020-07-06 19:04:17.214 UTC [comm.grpc.server] 1 -> INFO 028[0m unary call completed grpc.service=protos.Endorser grpc.method=ProcessProposal grpc.peer_address=127.0.0.1:34616 grpc.code=OK grpc.call_duration=168.145002ms
[33m2020-07-06 19:04:18.214 UTC [gossip.gossip] Gossip -> WARN 029[0m Failed obtaining gossipChannel of [97 105 114 108 105 110 101 99 104 97 110 110 101 108] aborting
[34m2020-07-06 19:04:19.937 UTC [endorser] callChaincode -> INFO 02a[0m finished chaincode: cscc duration: 0ms channel= txID=539cd260
[34m2020-07-06 19:04:19.938 UTC [comm.grpc.server] 1 -> INFO 02b[0m unary call completed grpc.service=protos.Endorser grpc.method=ProcessProposal grpc.peer_address=127.0.0.1:34620 grpc.code=OK grpc.call_duration=2.513946ms
[34m2020-07-06 19:04:23.215 UTC [gossip.election] beLeader -> INFO 02c[0m 2fe670684cedd5c52a90f8875fa7c09b1b062697107a2541aabed76e6c6c6f09 : Becoming a leader
[34m2020-07-06 19:04:23.215 UTC [gossip.service] func1 -> INFO 02d[0m Elected as a leader, starting delivery service for channel airlinechannel
[34m2020-07-06 19:04:23.216 UTC [deliveryClient] StartDeliverForChannel -> INFO 02e[0m This peer will retrieve blocks from ordering service and disseminate to other peers in the organization for channel airlinechannel
[33m2020-07-06 19:04:23.217 UTC [gossip.gossip] Gossip -> WARN 02f[0m Failed obtaining gossipChannel of [97 105 114 108 105 110 101 99 104 97 110 110 101 108] aborting
[33m2020-07-06 19:04:23.234 UTC [gossip.gossip] Gossip -> WARN 030[0m Failed obtaining gossipChannel of [97 105 114 108 105 110 101 99 104 97 110 110 101 108] aborting
[34m2020-07-06 19:04:23.234 UTC [gossip.privdata] StoreBlock -> INFO 031[0m [airlinechannel] Received block [1] from buffer
[33m2020-07-06 19:04:23.241 UTC [policies] SignatureSetToValidIdentities -> WARN 032[0m De-duplicating identity [AcmeMSP583f7f2a8a008c01df692941dae70d7418015fbabf5155011a764d102c213e8c] at index 1 in signature set
[34m2020-07-06 19:04:23.255 UTC [gossip.gossip] JoinChan -> INFO 033[0m Joining gossip network of channel airlinechannel with 2 organizations
[34m2020-07-06 19:04:23.256 UTC [gossip.gossip] learnAnchorPeers -> INFO 034[0m No configured anchor peers of BudgetMSP for channel airlinechannel to learn about
[34m2020-07-06 19:04:23.256 UTC [gossip.gossip] learnAnchorPeers -> INFO 035[0m No configured anchor peers of AcmeMSP for channel airlinechannel to learn about
[34m2020-07-06 19:04:23.257 UTC [committer.txvalidator] Validate -> INFO 036[0m [airlinechannel] Validated block [1] in 21ms
[33m2020-07-06 19:04:23.258 UTC [gossip.privdata] getTxInfoFromTransactionBytes -> WARN 037[0m Invalid transaction type: header type is not an endorser transaction
[34m2020-07-06 19:04:23.259 UTC [gossip.privdata] prepareBlockPvtdata -> INFO 038[0m Successfully fetched all eligible collection private write sets for block [1] channel=airlinechannel
[34m2020-07-06 19:04:23.355 UTC [kvledger] CommitLegacy -> INFO 039[0m [airlinechannel] Committed block [1] with 1 transaction(s) in 95ms (state_validation=0ms block_and_pvtdata_commit=88ms state_commit=4ms) commitHash=[47dc540c94ceb704a23875c11273e16bb0b8a87aed84de911f2133568115f254]
[34m2020-07-06 19:04:28.868 UTC [gossip.privdata] StoreBlock -> INFO 03a[0m [airlinechannel] Received block [2] from buffer
[34m2020-07-06 19:04:28.877 UTC [committer.txvalidator] Validate -> INFO 03b[0m [airlinechannel] Validated block [2] in 8ms
[34m2020-07-06 19:04:28.882 UTC [gossip.privdata] prepareBlockPvtdata -> INFO 03c[0m Successfully fetched all eligible collection private write sets for block [2] channel=airlinechannel
[34m2020-07-06 19:04:28.924 UTC [kvledger] CommitLegacy -> INFO 03d[0m [airlinechannel] Committed block [2] with 1 transaction(s) in 40ms (state_validation=1ms block_and_pvtdata_commit=22ms state_commit=11ms) commitHash=[6027f89c23ca3dbb66878d9a4504e8ddaf2bf38e0db7455c41cc25f189b5d566]
[33m2020-07-06 19:04:30.234 UTC [gossip.discovery] func1 -> WARN 03e[0m Could not connect to Endpoint: localhost:7051, InternalEndpoint: localhost:7051, PKI-ID: <nil>, Metadata:  : localhost:7051 isn't in our organization, cannot be a bootstrap peer
[34m2020-07-06 19:04:31.333 UTC [gossip.privdata] StoreBlock -> INFO 03f[0m [airlinechannel] Received block [3] from buffer
[34m2020-07-06 19:04:31.339 UTC [committer.txvalidator] Validate -> INFO 040[0m [airlinechannel] Validated block [3] in 4ms
[34m2020-07-06 19:04:31.341 UTC [gossip.privdata] prepareBlockPvtdata -> INFO 041[0m Successfully fetched all eligible collection private write sets for block [3] channel=airlinechannel
[34m2020-07-06 19:04:31.342 UTC [lifecycle] update -> INFO 042[0m Updating cached definition for chaincode 'gocc6' on channel 'airlinechannel'
[34m2020-07-06 19:04:31.343 UTC [cceventmgmt] HandleStateUpdates -> INFO 043[0m Channel [airlinechannel]: Handling deploy or update of chaincode [gocc6]
[34m2020-07-06 19:04:31.393 UTC [kvledger] CommitLegacy -> INFO 044[0m [airlinechannel] Committed block [3] with 1 transaction(s) in 50ms (state_validation=3ms block_and_pvtdata_commit=36ms state_commit=5ms) commitHash=[d6ba06f40f0c186980fc30736ce97e9592eff08e11ef9ea8dfad5feba9d01211]
[34m2020-07-06 19:04:35.749 UTC [gossip.privdata] StoreBlock -> INFO 045[0m [airlinechannel] Received block [4] from buffer
[34m2020-07-06 19:04:35.755 UTC [committer.txvalidator] Validate -> INFO 046[0m [airlinechannel] Validated block [4] in 1ms
[34m2020-07-06 19:04:35.756 UTC [gossip.privdata] prepareBlockPvtdata -> INFO 047[0m Successfully fetched all eligible collection private write sets for block [4] channel=airlinechannel
[34m2020-07-06 19:04:35.791 UTC [kvledger] CommitLegacy -> INFO 048[0m [airlinechannel] Committed block [4] with 1 transaction(s) in 33ms (state_validation=0ms block_and_pvtdata_commit=13ms state_commit=13ms) commitHash=[c53c6a1152961f7448d171dc502fc1cc38293fa5615c4d3770b3a28a135fb3ca]
[34m2020-07-06 19:04:38.204 UTC [gossip.privdata] StoreBlock -> INFO 049[0m [airlinechannel] Received block [5] from buffer
[34m2020-07-06 19:04:38.209 UTC [committer.txvalidator] Validate -> INFO 04a[0m [airlinechannel] Validated block [5] in 4ms
[34m2020-07-06 19:04:38.212 UTC [gossip.privdata] prepareBlockPvtdata -> INFO 04b[0m Successfully fetched all eligible collection private write sets for block [5] channel=airlinechannel
[34m2020-07-06 19:04:38.328 UTC [kvledger] CommitLegacy -> INFO 04c[0m [airlinechannel] Committed block [5] with 1 transaction(s) in 115ms (state_validation=0ms block_and_pvtdata_commit=93ms state_commit=9ms) commitHash=[678702060ee27fe5be24aff2f27418e6369e97ee2dea1e9c6b688ff389486d50]
[34m2020-07-06 19:04:39.823 UTC [lifecycle] InstallChaincode -> INFO 04d[0m Successfully installed chaincode with package ID 'gocc6.1.0-1.0:a07a27dc3f55426aa5abfc8448e6e215232be0a39fcab9fa974c1df739e329df'
[34m2020-07-06 19:04:39.824 UTC [endorser] callChaincode -> INFO 04e[0m finished chaincode: _lifecycle duration: 905ms channel= txID=63dce32a
[34m2020-07-06 19:04:39.824 UTC [comm.grpc.server] 1 -> INFO 04f[0m unary call completed grpc.service=protos.Endorser grpc.method=ProcessProposal grpc.peer_address=127.0.0.1:34740 grpc.code=OK grpc.call_duration=1.00718491s
[34m2020-07-06 19:04:39.985 UTC [endorser] callChaincode -> INFO 050[0m finished chaincode: _lifecycle duration: 0ms channel= txID=da14eb85
[34m2020-07-06 19:04:39.986 UTC [comm.grpc.server] 1 -> INFO 051[0m unary call completed grpc.service=protos.Endorser grpc.method=ProcessProposal grpc.peer_address=127.0.0.1:34748 grpc.code=OK grpc.call_duration=2.425615ms
[34m2020-07-06 19:04:40.204 UTC [lifecycle] ApproveChaincodeDefinitionForOrg -> INFO 052[0m Successfully endorsed chaincode approval with name 'gocc6', package ID 'gocc6.1.0-1.0:a07a27dc3f55426aa5abfc8448e6e215232be0a39fcab9fa974c1df739e329df', on channel 'airlinechannel' with definition {sequence: 1, endorsement info: (version: '1.0', plugin: 'escc', init required: true), validation info: (plugin: 'vscc', policy: '12202f4368616e6e656c2f4170706c69636174696f6e2f456e646f7273656d656e74'), collections: ()}
[34m2020-07-06 19:04:40.205 UTC [endorser] callChaincode -> INFO 053[0m finished chaincode: _lifecycle duration: 4ms channel=airlinechannel txID=4c9d008a
[34m2020-07-06 19:04:40.265 UTC [comm.grpc.server] 1 -> INFO 054[0m unary call completed grpc.service=protos.Endorser grpc.method=ProcessProposal grpc.peer_address=127.0.0.1:34756 grpc.code=OK grpc.call_duration=105.637839ms
[34m2020-07-06 19:04:42.289 UTC [gossip.privdata] StoreBlock -> INFO 055[0m [airlinechannel] Received block [6] from buffer
[34m2020-07-06 19:04:42.292 UTC [committer.txvalidator] Validate -> INFO 056[0m [airlinechannel] Validated block [6] in 2ms
[34m2020-07-06 19:04:42.294 UTC [gossip.privdata] prepareBlockPvtdata -> INFO 057[0m Successfully fetched all eligible collection private write sets for block [6] channel=airlinechannel
[34m2020-07-06 19:04:42.296 UTC [lifecycle] update -> INFO 058[0m Updating cached definition for chaincode 'gocc6' on channel 'airlinechannel'
[34m2020-07-06 19:04:42.298 UTC [lifecycle] update -> INFO 059[0m Chaincode with package ID 'gocc6.1.0-1.0:a07a27dc3f55426aa5abfc8448e6e215232be0a39fcab9fa974c1df739e329df' now available on channel airlinechannel for chaincode definition gocc6:1.0
[34m2020-07-06 19:04:43.072 UTC [kvledger] CommitLegacy -> INFO 05a[0m [airlinechannel] Committed block [6] with 1 transaction(s) in 776ms (state_validation=741ms block_and_pvtdata_commit=26ms state_commit=3ms) commitHash=[849858ccefe61bf2a144c7cbcdd7cc941bede611c77b6f45165fe050576c305e]
[34m2020-07-06 19:04:43.077 UTC [comm.grpc.server] 1 -> INFO 05b[0m streaming call completed grpc.service=protos.Deliver grpc.method=DeliverFiltered grpc.request_deadline=2020-07-06T19:05:10.275Z grpc.peer_address=127.0.0.1:34760 error="context finished before block retrieved: context canceled" grpc.code=Unknown grpc.call_duration=2.803378691s
[34m2020-07-06 19:04:44.076 UTC [endorser] callChaincode -> INFO 05c[0m finished chaincode: gocc6 duration: 666ms channel=airlinechannel txID=219778a3
[34m2020-07-06 19:04:44.077 UTC [comm.grpc.server] 1 -> INFO 05d[0m unary call completed grpc.service=protos.Endorser grpc.method=ProcessProposal grpc.peer_address=127.0.0.1:34768 grpc.code=OK grpc.call_duration=669.534995ms
[34m2020-07-06 19:04:51.740 UTC [endorser] callChaincode -> INFO 05e[0m finished chaincode: cscc duration: 0ms channel= txID=a1bed274
[34m2020-07-06 19:04:51.741 UTC [comm.grpc.server] 1 -> INFO 05f[0m unary call completed grpc.service=protos.Endorser grpc.method=ProcessProposal grpc.peer_address=127.0.0.1:34780 grpc.code=OK grpc.call_duration=2.541989ms
[33m2020-07-06 19:04:55.254 UTC [gossip.discovery] func1 -> WARN 060[0m Could not connect to Endpoint: localhost:7051, InternalEndpoint: localhost:7051, PKI-ID: <nil>, Metadata:  : localhost:7051 isn't in our organization, cannot be a bootstrap peer
[34m2020-07-06 19:05:03.997 UTC [gossip.privdata] StoreBlock -> INFO 061[0m [airlinechannel] Received block [7] from buffer
[34m2020-07-06 19:05:04.006 UTC [committer.txvalidator] Validate -> INFO 062[0m [airlinechannel] Validated block [7] in 7ms
[34m2020-07-06 19:05:04.007 UTC [gossip.privdata] prepareBlockPvtdata -> INFO 063[0m Successfully fetched all eligible collection private write sets for block [7] channel=airlinechannel
[34m2020-07-06 19:05:04.069 UTC [kvledger] CommitLegacy -> INFO 064[0m [airlinechannel] Committed block [7] with 1 transaction(s) in 62ms (state_validation=0ms block_and_pvtdata_commit=40ms state_commit=17ms) commitHash=[a96d9447242327045051cd7c82affe1fc09871aa7658094531a0bbefee1e6dbf]
[34m2020-07-06 19:05:05.052 UTC [lifecycle] handleChaincodeInstalledWhileLocked -> INFO 065[0m Installed chaincode with package ID 'gocc6.1.0-1.0:a07a27dc3f55426aa5abfc8448e6e215232be0a39fcab9fa974c1df739e329df' now available on channel airlinechannel for chaincode definition gocc6:1.0
[34m2020-07-06 19:05:05.492 UTC [lifecycle] InstallChaincode -> INFO 066[0m Successfully installed chaincode with package ID 'gocc6.1.0-1.0:a07a27dc3f55426aa5abfc8448e6e215232be0a39fcab9fa974c1df739e329df'
[34m2020-07-06 19:05:05.493 UTC [endorser] callChaincode -> INFO 067[0m finished chaincode: _lifecycle duration: 857ms channel= txID=8775ad3b
[34m2020-07-06 19:05:05.493 UTC [comm.grpc.server] 1 -> INFO 068[0m unary call completed grpc.service=protos.Endorser grpc.method=ProcessProposal grpc.peer_address=127.0.0.1:34824 grpc.code=OK grpc.call_duration=930.322072ms
[34m2020-07-06 19:05:05.654 UTC [endorser] callChaincode -> INFO 069[0m finished chaincode: _lifecycle duration: 0ms channel= txID=c56b081f
[34m2020-07-06 19:05:05.655 UTC [comm.grpc.server] 1 -> INFO 06a[0m unary call completed grpc.service=protos.Endorser grpc.method=ProcessProposal grpc.peer_address=127.0.0.1:34832 grpc.code=OK grpc.call_duration=2.532521ms
[34m2020-07-06 19:05:05.826 UTC [lifecycle] ApproveChaincodeDefinitionForOrg -> INFO 06b[0m Successfully endorsed chaincode approval with name 'gocc6', package ID 'gocc6.1.0-1.0:a07a27dc3f55426aa5abfc8448e6e215232be0a39fcab9fa974c1df739e329df', on channel 'airlinechannel' with definition {sequence: 1, endorsement info: (version: '1.0', plugin: 'escc', init required: true), validation info: (plugin: 'vscc', policy: '12202f4368616e6e656c2f4170706c69636174696f6e2f456e646f7273656d656e74'), collections: ()}
[34m2020-07-06 19:05:05.827 UTC [endorser] callChaincode -> INFO 06c[0m finished chaincode: _lifecycle duration: 2ms channel=airlinechannel txID=32aef133
[34m2020-07-06 19:05:05.828 UTC [comm.grpc.server] 1 -> INFO 06d[0m unary call completed grpc.service=protos.Endorser grpc.method=ProcessProposal grpc.peer_address=127.0.0.1:34840 grpc.code=OK grpc.call_duration=5.608541ms
[34m2020-07-06 19:05:07.922 UTC [gossip.privdata] StoreBlock -> INFO 06e[0m [airlinechannel] Received block [8] from buffer
[34m2020-07-06 19:05:07.926 UTC [committer.txvalidator] Validate -> INFO 06f[0m [airlinechannel] Validated block [8] in 2ms
[34m2020-07-06 19:05:07.928 UTC [gossip.privdata] prepareBlockPvtdata -> INFO 070[0m Successfully fetched all eligible collection private write sets for block [8] channel=airlinechannel
[34m2020-07-06 19:05:07.964 UTC [kvledger] CommitLegacy -> INFO 071[0m [airlinechannel] Committed block [8] with 1 transaction(s) in 34ms (state_validation=0ms block_and_pvtdata_commit=14ms state_commit=11ms) commitHash=[a0246ea42307e15885216ed9475a9f441a15538a13778593df0083d561458cee]
[34m2020-07-06 19:05:07.971 UTC [comm.grpc.server] 1 -> INFO 072[0m streaming call completed grpc.service=protos.Deliver grpc.method=DeliverFiltered grpc.request_deadline=2020-07-06T19:05:35.839Z grpc.peer_address=127.0.0.1:34844 error="context finished before block retrieved: context canceled" grpc.code=Unknown grpc.call_duration=2.13047744s
[34m2020-07-06 19:05:08.176 UTC [endorser] callChaincode -> INFO 073[0m finished chaincode: gocc6 duration: 2ms channel=airlinechannel txID=4c625589
[34m2020-07-06 19:05:08.177 UTC [comm.grpc.server] 1 -> INFO 074[0m unary call completed grpc.service=protos.Endorser grpc.method=ProcessProposal grpc.peer_address=127.0.0.1:34852 grpc.code=OK grpc.call_duration=5.682116ms
[33m2020-07-06 19:05:20.276 UTC [gossip.discovery] func1 -> WARN 075[0m Could not connect to Endpoint: localhost:7051, InternalEndpoint: localhost:7051, PKI-ID: <nil>, Metadata:  : localhost:7051 isn't in our organization, cannot be a bootstrap peer
[33m2020-07-06 19:05:45.294 UTC [gossip.discovery] func1 -> WARN 076[0m Could not connect to Endpoint: localhost:7051, InternalEndpoint: localhost:7051, PKI-ID: <nil>, Metadata:  : localhost:7051 isn't in our organization, cannot be a bootstrap peer
[34m2020-07-06 19:06:04.643 UTC [gossip.privdata] StoreBlock -> INFO 077[0m [airlinechannel] Received block [9] from buffer
[34m2020-07-06 19:06:04.649 UTC [committer.txvalidator] Validate -> INFO 078[0m [airlinechannel] Validated block [9] in 3ms
[34m2020-07-06 19:06:04.652 UTC [gossip.privdata] prepareBlockPvtdata -> INFO 079[0m Successfully fetched all eligible collection private write sets for block [9] channel=airlinechannel
[34m2020-07-06 19:06:04.698 UTC [kvledger] CommitLegacy -> INFO 07a[0m [airlinechannel] Committed block [9] with 1 transaction(s) in 45ms (state_validation=0ms block_and_pvtdata_commit=22ms state_commit=16ms) commitHash=[448339f2a98c96c6629cd21ee5b81f71cf57f7864399eee6cb712ce5532add3b]
[34m2020-07-06 19:06:05.912 UTC [lifecycle] handleChaincodeInstalledWhileLocked -> INFO 07b[0m Installed chaincode with package ID 'gocc6.1.0-1.0:a07a27dc3f55426aa5abfc8448e6e215232be0a39fcab9fa974c1df739e329df' now available on channel airlinechannel for chaincode definition gocc6:1.0
[34m2020-07-06 19:06:06.255 UTC [lifecycle] InstallChaincode -> INFO 07c[0m Successfully installed chaincode with package ID 'gocc6.1.0-1.0:a07a27dc3f55426aa5abfc8448e6e215232be0a39fcab9fa974c1df739e329df'
[34m2020-07-06 19:06:06.256 UTC [endorser] callChaincode -> INFO 07d[0m finished chaincode: _lifecycle duration: 860ms channel= txID=79d00cd7
[34m2020-07-06 19:06:06.256 UTC [comm.grpc.server] 1 -> INFO 07e[0m unary call completed grpc.service=protos.Endorser grpc.method=ProcessProposal grpc.peer_address=127.0.0.1:34904 grpc.code=OK grpc.call_duration=998.998934ms
[34m2020-07-06 19:06:06.419 UTC [endorser] callChaincode -> INFO 07f[0m finished chaincode: _lifecycle duration: 0ms channel= txID=f4a2ce68
[34m2020-07-06 19:06:06.419 UTC [comm.grpc.server] 1 -> INFO 080[0m unary call completed grpc.service=protos.Endorser grpc.method=ProcessProposal grpc.peer_address=127.0.0.1:34912 grpc.code=OK grpc.call_duration=2.227085ms
[34m2020-07-06 19:06:06.585 UTC [lifecycle] ApproveChaincodeDefinitionForOrg -> INFO 081[0m Successfully endorsed chaincode approval with name 'gocc6', package ID 'gocc6.1.0-1.0:a07a27dc3f55426aa5abfc8448e6e215232be0a39fcab9fa974c1df739e329df', on channel 'airlinechannel' with definition {sequence: 1, endorsement info: (version: '1.0', plugin: 'escc', init required: true), validation info: (plugin: 'vscc', policy: '12202f4368616e6e656c2f4170706c69636174696f6e2f456e646f7273656d656e74'), collections: ()}
[34m2020-07-06 19:06:06.586 UTC [endorser] callChaincode -> INFO 082[0m finished chaincode: _lifecycle duration: 2ms channel=airlinechannel txID=84c90bc6
[34m2020-07-06 19:06:06.586 UTC [comm.grpc.server] 1 -> INFO 083[0m unary call completed grpc.service=protos.Endorser grpc.method=ProcessProposal grpc.peer_address=127.0.0.1:34920 grpc.code=OK grpc.call_duration=4.083413ms
[34m2020-07-06 19:06:08.673 UTC [gossip.privdata] StoreBlock -> INFO 084[0m [airlinechannel] Received block [10] from buffer
[34m2020-07-06 19:06:08.679 UTC [committer.txvalidator] Validate -> INFO 085[0m [airlinechannel] Validated block [10] in 3ms
[34m2020-07-06 19:06:08.683 UTC [gossip.privdata] prepareBlockPvtdata -> INFO 086[0m Successfully fetched all eligible collection private write sets for block [10] channel=airlinechannel
[34m2020-07-06 19:06:08.719 UTC [kvledger] CommitLegacy -> INFO 087[0m [airlinechannel] Committed block [10] with 1 transaction(s) in 35ms (state_validation=0ms block_and_pvtdata_commit=23ms state_commit=9ms) commitHash=[f330d58d739181db32968b5dace02a458e8475c3410dd68d5cb0cf760d3d5808]
[34m2020-07-06 19:06:08.729 UTC [comm.grpc.server] 1 -> INFO 088[0m streaming call completed grpc.service=protos.Deliver grpc.method=DeliverFiltered grpc.request_deadline=2020-07-06T19:06:36.595Z grpc.peer_address=127.0.0.1:34924 error="context finished before block retrieved: context canceled" grpc.code=Unknown grpc.call_duration=2.132334746s
[34m2020-07-06 19:06:08.910 UTC [endorser] callChaincode -> INFO 089[0m finished chaincode: gocc6 duration: 2ms channel=airlinechannel txID=ec2a76e0
[34m2020-07-06 19:06:08.912 UTC [comm.grpc.server] 1 -> INFO 08a[0m unary call completed grpc.service=protos.Endorser grpc.method=ProcessProposal grpc.peer_address=127.0.0.1:34932 grpc.code=OK grpc.call_duration=5.645985ms
[33m2020-07-06 19:06:10.314 UTC [gossip.discovery] func1 -> WARN 08b[0m Could not connect to Endpoint: localhost:7051, InternalEndpoint: localhost:7051, PKI-ID: <nil>, Metadata:  : localhost:7051 isn't in our organization, cannot be a bootstrap peer
[34m2020-07-06 19:06:32.384 UTC [gossip.privdata] StoreBlock -> INFO 08c[0m [airlinechannel] Received block [11] from buffer
[34m2020-07-06 19:06:32.388 UTC [committer.txvalidator] Validate -> INFO 08d[0m [airlinechannel] Validated block [11] in 2ms
[34m2020-07-06 19:06:32.392 UTC [gossip.privdata] prepareBlockPvtdata -> INFO 08e[0m Successfully fetched all eligible collection private write sets for block [11] channel=airlinechannel
[34m2020-07-06 19:06:32.432 UTC [kvledger] CommitLegacy -> INFO 08f[0m [airlinechannel] Committed block [11] with 1 transaction(s) in 39ms (state_validation=0ms block_and_pvtdata_commit=11ms state_commit=23ms) commitHash=[bdef9255a727a4608532042585b19148b869cad1fae9f0f28e8482e38cec020d]
[34m2020-07-06 19:06:33.439 UTC [lifecycle] handleChaincodeInstalledWhileLocked -> INFO 090[0m Installed chaincode with package ID 'gocc6.1.0-1.0:a07a27dc3f55426aa5abfc8448e6e215232be0a39fcab9fa974c1df739e329df' now available on channel airlinechannel for chaincode definition gocc6:1.0
[34m2020-07-06 19:06:33.813 UTC [lifecycle] InstallChaincode -> INFO 091[0m Successfully installed chaincode with package ID 'gocc6.1.0-1.0:a07a27dc3f55426aa5abfc8448e6e215232be0a39fcab9fa974c1df739e329df'
[34m2020-07-06 19:06:33.814 UTC [endorser] callChaincode -> INFO 092[0m finished chaincode: _lifecycle duration: 817ms channel= txID=b8e1cf26
[34m2020-07-06 19:06:33.814 UTC [comm.grpc.server] 1 -> INFO 093[0m unary call completed grpc.service=protos.Endorser grpc.method=ProcessProposal grpc.peer_address=127.0.0.1:34980 grpc.code=OK grpc.call_duration=890.907058ms
[34m2020-07-06 19:06:33.978 UTC [endorser] callChaincode -> INFO 094[0m finished chaincode: _lifecycle duration: 0ms channel= txID=4fcf8bfa
[34m2020-07-06 19:06:33.979 UTC [comm.grpc.server] 1 -> INFO 095[0m unary call completed grpc.service=protos.Endorser grpc.method=ProcessProposal grpc.peer_address=127.0.0.1:34988 grpc.code=OK grpc.call_duration=2.525567ms
[34m2020-07-06 19:06:34.194 UTC [lifecycle] ApproveChaincodeDefinitionForOrg -> INFO 096[0m Successfully endorsed chaincode approval with name 'gocc6', package ID 'gocc6.1.0-1.0:a07a27dc3f55426aa5abfc8448e6e215232be0a39fcab9fa974c1df739e329df', on channel 'airlinechannel' with definition {sequence: 1, endorsement info: (version: '1.0', plugin: 'escc', init required: true), validation info: (plugin: 'vscc', policy: '12202f4368616e6e656c2f4170706c69636174696f6e2f456e646f7273656d656e74'), collections: ()}
[34m2020-07-06 19:06:34.195 UTC [endorser] callChaincode -> INFO 097[0m finished chaincode: _lifecycle duration: 5ms channel=airlinechannel txID=48cc9c04
[34m2020-07-06 19:06:34.195 UTC [comm.grpc.server] 1 -> INFO 098[0m unary call completed grpc.service=protos.Endorser grpc.method=ProcessProposal grpc.peer_address=127.0.0.1:34996 grpc.code=OK grpc.call_duration=7.688845ms
[33m2020-07-06 19:06:35.331 UTC [gossip.discovery] func1 -> WARN 099[0m Could not connect to Endpoint: localhost:7051, InternalEndpoint: localhost:7051, PKI-ID: <nil>, Metadata:  : localhost:7051 isn't in our organization, cannot be a bootstrap peer
[34m2020-07-06 19:06:36.237 UTC [gossip.privdata] StoreBlock -> INFO 09a[0m [airlinechannel] Received block [12] from buffer
[34m2020-07-06 19:06:36.247 UTC [committer.txvalidator] Validate -> INFO 09b[0m [airlinechannel] Validated block [12] in 7ms
[34m2020-07-06 19:06:36.249 UTC [gossip.privdata] prepareBlockPvtdata -> INFO 09c[0m Successfully fetched all eligible collection private write sets for block [12] channel=airlinechannel
[34m2020-07-06 19:06:36.339 UTC [kvledger] CommitLegacy -> INFO 09d[0m [airlinechannel] Committed block [12] with 1 transaction(s) in 87ms (state_validation=0ms block_and_pvtdata_commit=72ms state_commit=11ms) commitHash=[946b7e3ef199eeee478d43e06a749530c2d33ea3a3237c6d084c17c906012ed8]
[34m2020-07-06 19:06:36.349 UTC [comm.grpc.server] 1 -> INFO 09e[0m streaming call completed grpc.service=protos.Deliver grpc.method=DeliverFiltered grpc.request_deadline=2020-07-06T19:07:04.206Z grpc.peer_address=127.0.0.1:35000 error="context finished before block retrieved: context canceled" grpc.code=Unknown grpc.call_duration=2.142410925s
[34m2020-07-06 19:06:36.544 UTC [endorser] callChaincode -> INFO 09f[0m finished chaincode: gocc6 duration: 2ms channel=airlinechannel txID=0accdd44
[34m2020-07-06 19:06:36.545 UTC [comm.grpc.server] 1 -> INFO 0a0[0m unary call completed grpc.service=protos.Endorser grpc.method=ProcessProposal grpc.peer_address=127.0.0.1:35012 grpc.code=OK grpc.call_duration=5.17334ms
[33m2020-07-06 19:07:00.348 UTC [gossip.discovery] func1 -> WARN 0a1[0m Could not connect to Endpoint: localhost:7051, InternalEndpoint: localhost:7051, PKI-ID: <nil>, Metadata:  : localhost:7051 isn't in our organization, cannot be a bootstrap peer
[33m2020-07-06 19:07:25.363 UTC [gossip.discovery] func1 -> WARN 0a2[0m Could not connect to Endpoint: localhost:7051, InternalEndpoint: localhost:7051, PKI-ID: <nil>, Metadata:  : localhost:7051 isn't in our organization, cannot be a bootstrap peer
[33m2020-07-06 19:07:50.383 UTC [gossip.discovery] func1 -> WARN 0a3[0m Could not connect to Endpoint: localhost:7051, InternalEndpoint: localhost:7051, PKI-ID: <nil>, Metadata:  : localhost:7051 isn't in our organization, cannot be a bootstrap peer
[33m2020-07-06 19:08:15.402 UTC [gossip.discovery] func1 -> WARN 0a4[0m Could not connect to Endpoint: localhost:7051, InternalEndpoint: localhost:7051, PKI-ID: <nil>, Metadata:  : localhost:7051 isn't in our organization, cannot be a bootstrap peer
[33m2020-07-06 19:08:40.415 UTC [gossip.discovery] func1 -> WARN 0a5[0m Could not connect to Endpoint: localhost:7051, InternalEndpoint: localhost:7051, PKI-ID: <nil>, Metadata:  : localhost:7051 isn't in our organization, cannot be a bootstrap peer
[33m2020-07-06 19:09:05.431 UTC [gossip.discovery] func1 -> WARN 0a6[0m Could not connect to Endpoint: localhost:7051, InternalEndpoint: localhost:7051, PKI-ID: <nil>, Metadata:  : localhost:7051 isn't in our organization, cannot be a bootstrap peer
[33m2020-07-06 19:09:30.446 UTC [gossip.discovery] func1 -> WARN 0a7[0m Could not connect to Endpoint: localhost:7051, InternalEndpoint: localhost:7051, PKI-ID: <nil>, Metadata:  : localhost:7051 isn't in our organization, cannot be a bootstrap peer
[33m2020-07-06 19:09:55.462 UTC [gossip.discovery] func1 -> WARN 0a8[0m Could not connect to Endpoint: localhost:7051, InternalEndpoint: localhost:7051, PKI-ID: <nil>, Metadata:  : localhost:7051 isn't in our organization, cannot be a bootstrap peer
[33m2020-07-06 19:10:20.475 UTC [gossip.discovery] func1 -> WARN 0a9[0m Could not connect to Endpoint: localhost:7051, InternalEndpoint: localhost:7051, PKI-ID: <nil>, Metadata:  : localhost:7051 isn't in our organization, cannot be a bootstrap peer
[33m2020-07-06 19:10:45.491 UTC [gossip.discovery] func1 -> WARN 0aa[0m Could not connect to Endpoint: localhost:7051, InternalEndpoint: localhost:7051, PKI-ID: <nil>, Metadata:  : localhost:7051 isn't in our organization, cannot be a bootstrap peer
[33m2020-07-06 19:11:10.507 UTC [gossip.discovery] func1 -> WARN 0ab[0m Could not connect to Endpoint: localhost:7051, InternalEndpoint: localhost:7051, PKI-ID: <nil>, Metadata:  : localhost:7051 isn't in our organization, cannot be a bootstrap peer
[33m2020-07-06 19:11:35.526 UTC [gossip.discovery] func1 -> WARN 0ac[0m Could not connect to Endpoint: localhost:7051, InternalEndpoint: localhost:7051, PKI-ID: <nil>, Metadata:  : localhost:7051 isn't in our organization, cannot be a bootstrap peer
[33m2020-07-06 19:12:00.538 UTC [gossip.discovery] func1 -> WARN 0ad[0m Could not connect to Endpoint: localhost:7051, InternalEndpoint: localhost:7051, PKI-ID: <nil>, Metadata:  : localhost:7051 isn't in our organization, cannot be a bootstrap peer
[33m2020-07-06 19:12:25.554 UTC [gossip.discovery] func1 -> WARN 0ae[0m Could not connect to Endpoint: localhost:7051, InternalEndpoint: localhost:7051, PKI-ID: <nil>, Metadata:  : localhost:7051 isn't in our organization, cannot be a bootstrap peer
[33m2020-07-06 19:12:50.571 UTC [gossip.discovery] func1 -> WARN 0af[0m Could not connect to Endpoint: localhost:7051, InternalEndpoint: localhost:7051, PKI-ID: <nil>, Metadata:  : localhost:7051 isn't in our organization, cannot be a bootstrap peer
[33m2020-07-06 19:13:15.586 UTC [gossip.discovery] func1 -> WARN 0b0[0m Could not connect to Endpoint: localhost:7051, InternalEndpoint: localhost:7051, PKI-ID: <nil>, Metadata:  : localhost:7051 isn't in our organization, cannot be a bootstrap peer
[33m2020-07-06 19:13:40.605 UTC [gossip.discovery] func1 -> WARN 0b1[0m Could not connect to Endpoint: localhost:7051, InternalEndpoint: localhost:7051, PKI-ID: <nil>, Metadata:  : localhost:7051 isn't in our organization, cannot be a bootstrap peer
[33m2020-07-06 19:14:05.623 UTC [gossip.discovery] func1 -> WARN 0b2[0m Could not connect to Endpoint: localhost:7051, InternalEndpoint: localhost:7051, PKI-ID: <nil>, Metadata:  : localhost:7051 isn't in our organization, cannot be a bootstrap peer
[33m2020-07-06 19:14:30.648 UTC [gossip.discovery] func1 -> WARN 0b3[0m Could not connect to Endpoint: localhost:7051, InternalEndpoint: localhost:7051, PKI-ID: <nil>, Metadata:  : localhost:7051 isn't in our organization, cannot be a bootstrap peer
[33m2020-07-06 19:14:55.666 UTC [gossip.discovery] func1 -> WARN 0b4[0m Could not connect to Endpoint: localhost:7051, InternalEndpoint: localhost:7051, PKI-ID: <nil>, Metadata:  : localhost:7051 isn't in our organization, cannot be a bootstrap peer
[33m2020-07-06 19:15:20.686 UTC [gossip.discovery] func1 -> WARN 0b5[0m Could not connect to Endpoint: localhost:7051, InternalEndpoint: localhost:7051, PKI-ID: <nil>, Metadata:  : localhost:7051 isn't in our organization, cannot be a bootstrap peer
[33m2020-07-06 19:15:45.701 UTC [gossip.discovery] func1 -> WARN 0b6[0m Could not connect to Endpoint: localhost:7051, InternalEndpoint: localhost:7051, PKI-ID: <nil>, Metadata:  : localhost:7051 isn't in our organization, cannot be a bootstrap peer
[33m2020-07-06 19:16:10.766 UTC [gossip.discovery] func1 -> WARN 0b7[0m Could not connect to Endpoint: localhost:7051, InternalEndpoint: localhost:7051, PKI-ID: <nil>, Metadata:  : localhost:7051 isn't in our organization, cannot be a bootstrap peer
[33m2020-07-06 19:16:35.785 UTC [gossip.discovery] func1 -> WARN 0b8[0m Could not connect to Endpoint: localhost:7051, InternalEndpoint: localhost:7051, PKI-ID: <nil>, Metadata:  : localhost:7051 isn't in our organization, cannot be a bootstrap peer
[33m2020-07-06 19:17:00.803 UTC [gossip.discovery] func1 -> WARN 0b9[0m Could not connect to Endpoint: localhost:7051, InternalEndpoint: localhost:7051, PKI-ID: <nil>, Metadata:  : localhost:7051 isn't in our organization, cannot be a bootstrap peer
[33m2020-07-06 19:17:25.821 UTC [gossip.discovery] func1 -> WARN 0ba[0m Could not connect to Endpoint: localhost:7051, InternalEndpoint: localhost:7051, PKI-ID: <nil>, Metadata:  : localhost:7051 isn't in our organization, cannot be a bootstrap peer
[33m2020-07-06 19:17:50.840 UTC [gossip.discovery] func1 -> WARN 0bb[0m Could not connect to Endpoint: localhost:7051, InternalEndpoint: localhost:7051, PKI-ID: <nil>, Metadata:  : localhost:7051 isn't in our organization, cannot be a bootstrap peer
[33m2020-07-06 19:18:15.869 UTC [gossip.discovery] func1 -> WARN 0bc[0m Could not connect to Endpoint: localhost:7051, InternalEndpoint: localhost:7051, PKI-ID: <nil>, Metadata:  : localhost:7051 isn't in our organization, cannot be a bootstrap peer
[33m2020-07-06 19:18:40.883 UTC [gossip.discovery] func1 -> WARN 0bd[0m Could not connect to Endpoint: localhost:7051, InternalEndpoint: localhost:7051, PKI-ID: <nil>, Metadata:  : localhost:7051 isn't in our organization, cannot be a bootstrap peer
[33m2020-07-06 19:19:05.897 UTC [gossip.discovery] func1 -> WARN 0be[0m Could not connect to Endpoint: localhost:7051, InternalEndpoint: localhost:7051, PKI-ID: <nil>, Metadata:  : localhost:7051 isn't in our organization, cannot be a bootstrap peer
[33m2020-07-06 19:19:30.916 UTC [gossip.discovery] func1 -> WARN 0bf[0m Could not connect to Endpoint: localhost:7051, InternalEndpoint: localhost:7051, PKI-ID: <nil>, Metadata:  : localhost:7051 isn't in our organization, cannot be a bootstrap peer
[33m2020-07-06 19:19:55.932 UTC [gossip.discovery] func1 -> WARN 0c0[0m Could not connect to Endpoint: localhost:7051, InternalEndpoint: localhost:7051, PKI-ID: <nil>, Metadata:  : localhost:7051 isn't in our organization, cannot be a bootstrap peer
[33m2020-07-06 19:20:20.946 UTC [gossip.discovery] func1 -> WARN 0c1[0m Could not connect to Endpoint: localhost:7051, InternalEndpoint: localhost:7051, PKI-ID: <nil>, Metadata:  : localhost:7051 isn't in our organization, cannot be a bootstrap peer
[33m2020-07-06 19:20:45.962 UTC [gossip.discovery] func1 -> WARN 0c2[0m Could not connect to Endpoint: localhost:7051, InternalEndpoint: localhost:7051, PKI-ID: <nil>, Metadata:  : localhost:7051 isn't in our organization, cannot be a bootstrap peer
[33m2020-07-06 19:21:10.973 UTC [gossip.discovery] func1 -> WARN 0c3[0m Could not connect to Endpoint: localhost:7051, InternalEndpoint: localhost:7051, PKI-ID: <nil>, Metadata:  : localhost:7051 isn't in our organization, cannot be a bootstrap peer
[33m2020-07-06 19:21:35.982 UTC [gossip.discovery] func1 -> WARN 0c4[0m Could not connect to Endpoint: localhost:7051, InternalEndpoint: localhost:7051, PKI-ID: <nil>, Metadata:  : localhost:7051 isn't in our organization, cannot be a bootstrap peer
[33m2020-07-06 19:22:00.997 UTC [gossip.discovery] func1 -> WARN 0c5[0m Could not connect to Endpoint: localhost:7051, InternalEndpoint: localhost:7051, PKI-ID: <nil>, Metadata:  : localhost:7051 isn't in our organization, cannot be a bootstrap peer
[33m2020-07-06 19:22:26.025 UTC [gossip.discovery] func1 -> WARN 0c6[0m Could not connect to Endpoint: localhost:7051, InternalEndpoint: localhost:7051, PKI-ID: <nil>, Metadata:  : localhost:7051 isn't in our organization, cannot be a bootstrap peer
[33m2020-07-06 19:22:51.044 UTC [gossip.discovery] func1 -> WARN 0c7[0m Could not connect to Endpoint: localhost:7051, InternalEndpoint: localhost:7051, PKI-ID: <nil>, Metadata:  : localhost:7051 isn't in our organization, cannot be a bootstrap peer
[33m2020-07-06 19:23:16.064 UTC [gossip.discovery] func1 -> WARN 0c8[0m Could not connect to Endpoint: localhost:7051, InternalEndpoint: localhost:7051, PKI-ID: <nil>, Metadata:  : localhost:7051 isn't in our organization, cannot be a bootstrap peer
[33m2020-07-06 19:23:41.079 UTC [gossip.discovery] func1 -> WARN 0c9[0m Could not connect to Endpoint: localhost:7051, InternalEndpoint: localhost:7051, PKI-ID: <nil>, Metadata:  : localhost:7051 isn't in our organization, cannot be a bootstrap peer
[33m2020-07-06 19:24:06.096 UTC [gossip.discovery] func1 -> WARN 0ca[0m Could not connect to Endpoint: localhost:7051, InternalEndpoint: localhost:7051, PKI-ID: <nil>, Metadata:  : localhost:7051 isn't in our organization, cannot be a bootstrap peer
[33m2020-07-06 19:24:31.112 UTC [gossip.discovery] func1 -> WARN 0cb[0m Could not connect to Endpoint: localhost:7051, InternalEndpoint: localhost:7051, PKI-ID: <nil>, Metadata:  : localhost:7051 isn't in our organization, cannot be a bootstrap peer
[33m2020-07-06 19:24:56.130 UTC [gossip.discovery] func1 -> WARN 0cc[0m Could not connect to Endpoint: localhost:7051, InternalEndpoint: localhost:7051, PKI-ID: <nil>, Metadata:  : localhost:7051 isn't in our organization, cannot be a bootstrap peer
[33m2020-07-06 19:25:21.146 UTC [gossip.discovery] func1 -> WARN 0cd[0m Could not connect to Endpoint: localhost:7051, InternalEndpoint: localhost:7051, PKI-ID: <nil>, Metadata:  : localhost:7051 isn't in our organization, cannot be a bootstrap peer
[33m2020-07-06 19:25:46.170 UTC [gossip.discovery] func1 -> WARN 0ce[0m Could not connect to Endpoint: localhost:7051, InternalEndpoint: localhost:7051, PKI-ID: <nil>, Metadata:  : localhost:7051 isn't in our organization, cannot be a bootstrap peer
[33m2020-07-06 19:26:11.189 UTC [gossip.discovery] func1 -> WARN 0cf[0m Could not connect to Endpoint: localhost:7051, InternalEndpoint: localhost:7051, PKI-ID: <nil>, Metadata:  : localhost:7051 isn't in our organization, cannot be a bootstrap peer
[33m2020-07-06 19:26:36.212 UTC [gossip.discovery] func1 -> WARN 0d0[0m Could not connect to Endpoint: localhost:7051, InternalEndpoint: localhost:7051, PKI-ID: <nil>, Metadata:  : localhost:7051 isn't in our organization, cannot be a bootstrap peer
[33m2020-07-06 19:27:01.227 UTC [gossip.discovery] func1 -> WARN 0d1[0m Could not connect to Endpoint: localhost:7051, InternalEndpoint: localhost:7051, PKI-ID: <nil>, Metadata:  : localhost:7051 isn't in our organization, cannot be a bootstrap peer
[33m2020-07-06 19:27:26.243 UTC [gossip.discovery] func1 -> WARN 0d2[0m Could not connect to Endpoint: localhost:7051, InternalEndpoint: localhost:7051, PKI-ID: <nil>, Metadata:  : localhost:7051 isn't in our organization, cannot be a bootstrap peer
[33m2020-07-06 19:27:51.260 UTC [gossip.discovery] func1 -> WARN 0d3[0m Could not connect to Endpoint: localhost:7051, InternalEndpoint: localhost:7051, PKI-ID: <nil>, Metadata:  : localhost:7051 isn't in our organization, cannot be a bootstrap peer
[33m2020-07-06 19:28:16.283 UTC [gossip.discovery] func1 -> WARN 0d4[0m Could not connect to Endpoint: localhost:7051, InternalEndpoint: localhost:7051, PKI-ID: <nil>, Metadata:  : localhost:7051 isn't in our organization, cannot be a bootstrap peer
[33m2020-07-06 19:28:41.302 UTC [gossip.discovery] func1 -> WARN 0d5[0m Could not connect to Endpoint: localhost:7051, InternalEndpoint: localhost:7051, PKI-ID: <nil>, Metadata:  : localhost:7051 isn't in our organization, cannot be a bootstrap peer
[33m2020-07-06 19:29:06.327 UTC [gossip.discovery] func1 -> WARN 0d6[0m Could not connect to Endpoint: localhost:7051, InternalEndpoint: localhost:7051, PKI-ID: <nil>, Metadata:  : localhost:7051 isn't in our organization, cannot be a bootstrap peer
[33m2020-07-06 19:29:31.346 UTC [gossip.discovery] func1 -> WARN 0d7[0m Could not connect to Endpoint: localhost:7051, InternalEndpoint: localhost:7051, PKI-ID: <nil>, Metadata:  : localhost:7051 isn't in our organization, cannot be a bootstrap peer
[33m2020-07-06 19:29:56.364 UTC [gossip.discovery] func1 -> WARN 0d8[0m Could not connect to Endpoint: localhost:7051, InternalEndpoint: localhost:7051, PKI-ID: <nil>, Metadata:  : localhost:7051 isn't in our organization, cannot be a bootstrap peer
[33m2020-07-06 19:30:21.377 UTC [gossip.discovery] func1 -> WARN 0d9[0m Could not connect to Endpoint: localhost:7051, InternalEndpoint: localhost:7051, PKI-ID: <nil>, Metadata:  : localhost:7051 isn't in our organization, cannot be a bootstrap peer
[33m2020-07-06 19:30:46.393 UTC [gossip.discovery] func1 -> WARN 0da[0m Could not connect to Endpoint: localhost:7051, InternalEndpoint: localhost:7051, PKI-ID: <nil>, Metadata:  : localhost:7051 isn't in our organization, cannot be a bootstrap peer
[33m2020-07-06 19:31:11.410 UTC [gossip.discovery] func1 -> WARN 0db[0m Could not connect to Endpoint: localhost:7051, InternalEndpoint: localhost:7051, PKI-ID: <nil>, Metadata:  : localhost:7051 isn't in our organization, cannot be a bootstrap peer
[33m2020-07-06 19:31:36.430 UTC [gossip.discovery] func1 -> WARN 0dc[0m Could not connect to Endpoint: localhost:7051, InternalEndpoint: localhost:7051, PKI-ID: <nil>, Metadata:  : localhost:7051 isn't in our organization, cannot be a bootstrap peer
[33m2020-07-06 19:32:01.445 UTC [gossip.discovery] func1 -> WARN 0dd[0m Could not connect to Endpoint: localhost:7051, InternalEndpoint: localhost:7051, PKI-ID: <nil>, Metadata:  : localhost:7051 isn't in our organization, cannot be a bootstrap peer
[33m2020-07-06 19:32:26.464 UTC [gossip.discovery] func1 -> WARN 0de[0m Could not connect to Endpoint: localhost:7051, InternalEndpoint: localhost:7051, PKI-ID: <nil>, Metadata:  : localhost:7051 isn't in our organization, cannot be a bootstrap peer
[33m2020-07-06 19:32:51.486 UTC [gossip.discovery] func1 -> WARN 0df[0m Could not connect to Endpoint: localhost:7051, InternalEndpoint: localhost:7051, PKI-ID: <nil>, Metadata:  : localhost:7051 isn't in our organization, cannot be a bootstrap peer
[33m2020-07-06 19:33:16.502 UTC [gossip.discovery] func1 -> WARN 0e0[0m Could not connect to Endpoint: localhost:7051, InternalEndpoint: localhost:7051, PKI-ID: <nil>, Metadata:  : localhost:7051 isn't in our organization, cannot be a bootstrap peer
[33m2020-07-06 19:33:41.515 UTC [gossip.discovery] func1 -> WARN 0e1[0m Could not connect to Endpoint: localhost:7051, InternalEndpoint: localhost:7051, PKI-ID: <nil>, Metadata:  : localhost:7051 isn't in our organization, cannot be a bootstrap peer
[33m2020-07-06 19:34:06.531 UTC [gossip.discovery] func1 -> WARN 0e2[0m Could not connect to Endpoint: localhost:7051, InternalEndpoint: localhost:7051, PKI-ID: <nil>, Metadata:  : localhost:7051 isn't in our organization, cannot be a bootstrap peer
[33m2020-07-06 19:34:31.549 UTC [gossip.discovery] func1 -> WARN 0e3[0m Could not connect to Endpoint: localhost:7051, InternalEndpoint: localhost:7051, PKI-ID: <nil>, Metadata:  : localhost:7051 isn't in our organization, cannot be a bootstrap peer
[33m2020-07-06 19:34:56.565 UTC [gossip.discovery] func1 -> WARN 0e4[0m Could not connect to Endpoint: localhost:7051, InternalEndpoint: localhost:7051, PKI-ID: <nil>, Metadata:  : localhost:7051 isn't in our organization, cannot be a bootstrap peer
[33m2020-07-06 19:35:21.581 UTC [gossip.discovery] func1 -> WARN 0e5[0m Could not connect to Endpoint: localhost:7051, InternalEndpoint: localhost:7051, PKI-ID: <nil>, Metadata:  : localhost:7051 isn't in our organization, cannot be a bootstrap peer
[33m2020-07-06 19:35:46.598 UTC [gossip.discovery] func1 -> WARN 0e6[0m Could not connect to Endpoint: localhost:7051, InternalEndpoint: localhost:7051, PKI-ID: <nil>, Metadata:  : localhost:7051 isn't in our organization, cannot be a bootstrap peer
[33m2020-07-06 19:36:11.615 UTC [gossip.discovery] func1 -> WARN 0e7[0m Could not connect to Endpoint: localhost:7051, InternalEndpoint: localhost:7051, PKI-ID: <nil>, Metadata:  : localhost:7051 isn't in our organization, cannot be a bootstrap peer
[33m2020-07-06 19:36:36.640 UTC [gossip.discovery] func1 -> WARN 0e8[0m Could not connect to Endpoint: localhost:7051, InternalEndpoint: localhost:7051, PKI-ID: <nil>, Metadata:  : localhost:7051 isn't in our organization, cannot be a bootstrap peer
[33m2020-07-06 19:37:01.660 UTC [gossip.discovery] func1 -> WARN 0e9[0m Could not connect to Endpoint: localhost:7051, InternalEndpoint: localhost:7051, PKI-ID: <nil>, Metadata:  : localhost:7051 isn't in our organization, cannot be a bootstrap peer
[33m2020-07-06 19:37:26.678 UTC [gossip.discovery] func1 -> WARN 0ea[0m Could not connect to Endpoint: localhost:7051, InternalEndpoint: localhost:7051, PKI-ID: <nil>, Metadata:  : localhost:7051 isn't in our organization, cannot be a bootstrap peer
[33m2020-07-06 19:37:51.695 UTC [gossip.discovery] func1 -> WARN 0eb[0m Could not connect to Endpoint: localhost:7051, InternalEndpoint: localhost:7051, PKI-ID: <nil>, Metadata:  : localhost:7051 isn't in our organization, cannot be a bootstrap peer
[33m2020-07-06 19:38:16.711 UTC [gossip.discovery] func1 -> WARN 0ec[0m Could not connect to Endpoint: localhost:7051, InternalEndpoint: localhost:7051, PKI-ID: <nil>, Metadata:  : localhost:7051 isn't in our organization, cannot be a bootstrap peer
[33m2020-07-06 19:38:41.730 UTC [gossip.discovery] func1 -> WARN 0ed[0m Could not connect to Endpoint: localhost:7051, InternalEndpoint: localhost:7051, PKI-ID: <nil>, Metadata:  : localhost:7051 isn't in our organization, cannot be a bootstrap peer
[33m2020-07-06 19:39:06.749 UTC [gossip.discovery] func1 -> WARN 0ee[0m Could not connect to Endpoint: localhost:7051, InternalEndpoint: localhost:7051, PKI-ID: <nil>, Metadata:  : localhost:7051 isn't in our organization, cannot be a bootstrap peer
[33m2020-07-06 19:39:31.765 UTC [gossip.discovery] func1 -> WARN 0ef[0m Could not connect to Endpoint: localhost:7051, InternalEndpoint: localhost:7051, PKI-ID: <nil>, Metadata:  : localhost:7051 isn't in our organization, cannot be a bootstrap peer
[33m2020-07-06 19:39:56.783 UTC [gossip.discovery] func1 -> WARN 0f0[0m Could not connect to Endpoint: localhost:7051, InternalEndpoint: localhost:7051, PKI-ID: <nil>, Metadata:  : localhost:7051 isn't in our organization, cannot be a bootstrap peer
[33m2020-07-06 19:40:21.800 UTC [gossip.discovery] func1 -> WARN 0f1[0m Could not connect to Endpoint: localhost:7051, InternalEndpoint: localhost:7051, PKI-ID: <nil>, Metadata:  : localhost:7051 isn't in our organization, cannot be a bootstrap peer
[33m2020-07-06 19:40:46.818 UTC [gossip.discovery] func1 -> WARN 0f2[0m Could not connect to Endpoint: localhost:7051, InternalEndpoint: localhost:7051, PKI-ID: <nil>, Metadata:  : localhost:7051 isn't in our organization, cannot be a bootstrap peer
[33m2020-07-06 19:41:11.835 UTC [gossip.discovery] func1 -> WARN 0f3[0m Could not connect to Endpoint: localhost:7051, InternalEndpoint: localhost:7051, PKI-ID: <nil>, Metadata:  : localhost:7051 isn't in our organization, cannot be a bootstrap peer
[33m2020-07-06 19:41:36.858 UTC [gossip.discovery] func1 -> WARN 0f4[0m Could not connect to Endpoint: localhost:7051, InternalEndpoint: localhost:7051, PKI-ID: <nil>, Metadata:  : localhost:7051 isn't in our organization, cannot be a bootstrap peer
[33m2020-07-06 19:42:01.878 UTC [gossip.discovery] func1 -> WARN 0f5[0m Could not connect to Endpoint: localhost:7051, InternalEndpoint: localhost:7051, PKI-ID: <nil>, Metadata:  : localhost:7051 isn't in our organization, cannot be a bootstrap peer
[33m2020-07-06 19:42:26.891 UTC [gossip.discovery] func1 -> WARN 0f6[0m Could not connect to Endpoint: localhost:7051, InternalEndpoint: localhost:7051, PKI-ID: <nil>, Metadata:  : localhost:7051 isn't in our organization, cannot be a bootstrap peer
[33m2020-07-06 19:42:51.909 UTC [gossip.discovery] func1 -> WARN 0f7[0m Could not connect to Endpoint: localhost:7051, InternalEndpoint: localhost:7051, PKI-ID: <nil>, Metadata:  : localhost:7051 isn't in our organization, cannot be a bootstrap peer
[33m2020-07-06 19:43:16.923 UTC [gossip.discovery] func1 -> WARN 0f8[0m Could not connect to Endpoint: localhost:7051, InternalEndpoint: localhost:7051, PKI-ID: <nil>, Metadata:  : localhost:7051 isn't in our organization, cannot be a bootstrap peer
[33m2020-07-06 19:43:41.964 UTC [gossip.discovery] func1 -> WARN 0f9[0m Could not connect to Endpoint: localhost:7051, InternalEndpoint: localhost:7051, PKI-ID: <nil>, Metadata:  : localhost:7051 isn't in our organization, cannot be a bootstrap peer
[33m2020-07-06 19:44:06.983 UTC [gossip.discovery] func1 -> WARN 0fa[0m Could not connect to Endpoint: localhost:7051, InternalEndpoint: localhost:7051, PKI-ID: <nil>, Metadata:  : localhost:7051 isn't in our organization, cannot be a bootstrap peer
[33m2020-07-06 19:44:31.998 UTC [gossip.discovery] func1 -> WARN 0fb[0m Could not connect to Endpoint: localhost:7051, InternalEndpoint: localhost:7051, PKI-ID: <nil>, Metadata:  : localhost:7051 isn't in our organization, cannot be a bootstrap peer
[33m2020-07-06 19:44:57.014 UTC [gossip.discovery] func1 -> WARN 0fc[0m Could not connect to Endpoint: localhost:7051, InternalEndpoint: localhost:7051, PKI-ID: <nil>, Metadata:  : localhost:7051 isn't in our organization, cannot be a bootstrap peer
[33m2020-07-06 19:45:22.035 UTC [gossip.discovery] func1 -> WARN 0fd[0m Could not connect to Endpoint: localhost:7051, InternalEndpoint: localhost:7051, PKI-ID: <nil>, Metadata:  : localhost:7051 isn't in our organization, cannot be a bootstrap peer
[33m2020-07-06 19:45:47.053 UTC [gossip.discovery] func1 -> WARN 0fe[0m Could not connect to Endpoint: localhost:7051, InternalEndpoint: localhost:7051, PKI-ID: <nil>, Metadata:  : localhost:7051 isn't in our organization, cannot be a bootstrap peer
[33m2020-07-06 19:46:12.069 UTC [gossip.discovery] func1 -> WARN 0ff[0m Could not connect to Endpoint: localhost:7051, InternalEndpoint: localhost:7051, PKI-ID: <nil>, Metadata:  : localhost:7051 isn't in our organization, cannot be a bootstrap peer
[33m2020-07-06 19:46:37.089 UTC [gossip.discovery] func1 -> WARN 100[0m Could not connect to Endpoint: localhost:7051, InternalEndpoint: localhost:7051, PKI-ID: <nil>, Metadata:  : localhost:7051 isn't in our organization, cannot be a bootstrap peer
[33m2020-07-06 19:47:02.104 UTC [gossip.discovery] func1 -> WARN 101[0m Could not connect to Endpoint: localhost:7051, InternalEndpoint: localhost:7051, PKI-ID: <nil>, Metadata:  : localhost:7051 isn't in our organization, cannot be a bootstrap peer
[33m2020-07-06 19:47:27.121 UTC [gossip.discovery] func1 -> WARN 102[0m Could not connect to Endpoint: localhost:7051, InternalEndpoint: localhost:7051, PKI-ID: <nil>, Metadata:  : localhost:7051 isn't in our organization, cannot be a bootstrap peer
[33m2020-07-06 19:47:52.141 UTC [gossip.discovery] func1 -> WARN 103[0m Could not connect to Endpoint: localhost:7051, InternalEndpoint: localhost:7051, PKI-ID: <nil>, Metadata:  : localhost:7051 isn't in our organization, cannot be a bootstrap peer
[33m2020-07-06 19:48:17.159 UTC [gossip.discovery] func1 -> WARN 104[0m Could not connect to Endpoint: localhost:7051, InternalEndpoint: localhost:7051, PKI-ID: <nil>, Metadata:  : localhost:7051 isn't in our organization, cannot be a bootstrap peer
[33m2020-07-06 19:48:42.177 UTC [gossip.discovery] func1 -> WARN 105[0m Could not connect to Endpoint: localhost:7051, InternalEndpoint: localhost:7051, PKI-ID: <nil>, Metadata:  : localhost:7051 isn't in our organization, cannot be a bootstrap peer
[33m2020-07-06 19:49:07.191 UTC [gossip.discovery] func1 -> WARN 106[0m Could not connect to Endpoint: localhost:7051, InternalEndpoint: localhost:7051, PKI-ID: <nil>, Metadata:  : localhost:7051 isn't in our organization, cannot be a bootstrap peer
[33m2020-07-06 19:49:32.210 UTC [gossip.discovery] func1 -> WARN 107[0m Could not connect to Endpoint: localhost:7051, InternalEndpoint: localhost:7051, PKI-ID: <nil>, Metadata:  : localhost:7051 isn't in our organization, cannot be a bootstrap peer
[33m2020-07-06 19:49:57.228 UTC [gossip.discovery] func1 -> WARN 108[0m Could not connect to Endpoint: localhost:7051, InternalEndpoint: localhost:7051, PKI-ID: <nil>, Metadata:  : localhost:7051 isn't in our organization, cannot be a bootstrap peer
[33m2020-07-06 19:50:22.243 UTC [gossip.discovery] func1 -> WARN 109[0m Could not connect to Endpoint: localhost:7051, InternalEndpoint: localhost:7051, PKI-ID: <nil>, Metadata:  : localhost:7051 isn't in our organization, cannot be a bootstrap peer
[33m2020-07-06 19:50:47.261 UTC [gossip.discovery] func1 -> WARN 10a[0m Could not connect to Endpoint: localhost:7051, InternalEndpoint: localhost:7051, PKI-ID: <nil>, Metadata:  : localhost:7051 isn't in our organization, cannot be a bootstrap peer
[33m2020-07-06 19:51:12.276 UTC [gossip.discovery] func1 -> WARN 10b[0m Could not connect to Endpoint: localhost:7051, InternalEndpoint: localhost:7051, PKI-ID: <nil>, Metadata:  : localhost:7051 isn't in our organization, cannot be a bootstrap peer
[33m2020-07-06 19:51:37.291 UTC [gossip.discovery] func1 -> WARN 10c[0m Could not connect to Endpoint: localhost:7051, InternalEndpoint: localhost:7051, PKI-ID: <nil>, Metadata:  : localhost:7051 isn't in our organization, cannot be a bootstrap peer
[33m2020-07-06 19:52:02.312 UTC [gossip.discovery] func1 -> WARN 10d[0m Could not connect to Endpoint: localhost:7051, InternalEndpoint: localhost:7051, PKI-ID: <nil>, Metadata:  : localhost:7051 isn't in our organization, cannot be a bootstrap peer
[33m2020-07-06 19:52:27.339 UTC [gossip.discovery] func1 -> WARN 10e[0m Could not connect to Endpoint: localhost:7051, InternalEndpoint: localhost:7051, PKI-ID: <nil>, Metadata:  : localhost:7051 isn't in our organization, cannot be a bootstrap peer
[33m2020-07-06 19:52:52.362 UTC [gossip.discovery] func1 -> WARN 10f[0m Could not connect to Endpoint: localhost:7051, InternalEndpoint: localhost:7051, PKI-ID: <nil>, Metadata:  : localhost:7051 isn't in our organization, cannot be a bootstrap peer
[33m2020-07-06 19:53:17.378 UTC [gossip.discovery] func1 -> WARN 110[0m Could not connect to Endpoint: localhost:7051, InternalEndpoint: localhost:7051, PKI-ID: <nil>, Metadata:  : localhost:7051 isn't in our organization, cannot be a bootstrap peer
[33m2020-07-06 19:53:42.391 UTC [gossip.discovery] func1 -> WARN 111[0m Could not connect to Endpoint: localhost:7051, InternalEndpoint: localhost:7051, PKI-ID: <nil>, Metadata:  : localhost:7051 isn't in our organization, cannot be a bootstrap peer
[33m2020-07-07 12:01:48.292 UTC [peer.blocksprovider] func1 -> WARN 112[0m Encountered an error reading from deliver stream: rpc error: code = Unavailable desc = transport is closing channel=airlinechannel orderer-address=localhost:7050
[33m2020-07-07 12:01:48.296 UTC [peer.blocksprovider] DeliverBlocks -> WARN 113[0m Orderer hung up without sending status channel=airlinechannel orderer-address=localhost:7050
[33m2020-07-07 12:01:48.402 UTC [peer.blocksprovider] DeliverBlocks -> WARN 114[0m Could not connect to ordering service: could not dial endpoint 'localhost:7050': failed to create new connection: connection error: desc = "transport: error while dialing: dial tcp [::1]:7050: connect: connection refused" channel=airlinechannel
[33m2020-07-07 12:01:48.525 UTC [peer.blocksprovider] DeliverBlocks -> WARN 115[0m Could not connect to ordering service: could not dial endpoint 'localhost:7050': failed to create new connection: connection error: desc = "transport: error while dialing: dial tcp [::1]:7050: connect: connection refused" channel=airlinechannel
[33m2020-07-07 12:01:48.672 UTC [peer.blocksprovider] DeliverBlocks -> WARN 116[0m Could not connect to ordering service: could not dial endpoint 'localhost:7050': failed to create new connection: connection error: desc = "transport: error while dialing: dial tcp [::1]:7050: connect: connection refused" channel=airlinechannel
[33m2020-07-07 12:01:48.846 UTC [peer.blocksprovider] DeliverBlocks -> WARN 117[0m Could not connect to ordering service: could not dial endpoint 'localhost:7050': failed to create new connection: connection error: desc = "transport: error while dialing: dial tcp [::1]:7050: connect: connection refused" channel=airlinechannel
[33m2020-07-07 12:01:49.056 UTC [peer.blocksprovider] DeliverBlocks -> WARN 118[0m Could not connect to ordering service: could not dial endpoint 'localhost:7050': failed to create new connection: connection error: desc = "transport: error while dialing: dial tcp [::1]:7050: connect: connection refused" channel=airlinechannel
[33m2020-07-07 12:01:49.307 UTC [peer.blocksprovider] DeliverBlocks -> WARN 119[0m Could not connect to ordering service: could not dial endpoint 'localhost:7050': failed to create new connection: connection error: desc = "transport: error while dialing: dial tcp [::1]:7050: connect: connection refused" channel=airlinechannel
[33m2020-07-07 12:01:49.609 UTC [peer.blocksprovider] DeliverBlocks -> WARN 11a[0m Could not connect to ordering service: could not dial endpoint 'localhost:7050': failed to create new connection: connection error: desc = "transport: error while dialing: dial tcp [::1]:7050: connect: connection refused" channel=airlinechannel
[33m2020-07-07 12:01:49.971 UTC [peer.blocksprovider] DeliverBlocks -> WARN 11b[0m Could not connect to ordering service: could not dial endpoint 'localhost:7050': failed to create new connection: connection error: desc = "transport: error while dialing: dial tcp [::1]:7050: connect: connection refused" channel=airlinechannel
[33m2020-07-07 12:01:50.403 UTC [peer.blocksprovider] DeliverBlocks -> WARN 11c[0m Could not connect to ordering service: could not dial endpoint 'localhost:7050': failed to create new connection: connection error: desc = "transport: error while dialing: dial tcp [::1]:7050: connect: connection refused" channel=airlinechannel
[33m2020-07-07 12:01:50.922 UTC [peer.blocksprovider] DeliverBlocks -> WARN 11d[0m Could not connect to ordering service: could not dial endpoint 'localhost:7050': failed to create new connection: connection error: desc = "transport: error while dialing: dial tcp [::1]:7050: connect: connection refused" channel=airlinechannel
[33m2020-07-07 12:01:51.544 UTC [peer.blocksprovider] DeliverBlocks -> WARN 11e[0m Could not connect to ordering service: could not dial endpoint 'localhost:7050': failed to create new connection: connection error: desc = "transport: error while dialing: dial tcp [::1]:7050: connect: connection refused" channel=airlinechannel
[33m2020-07-07 12:01:52.291 UTC [peer.blocksprovider] DeliverBlocks -> WARN 11f[0m Could not connect to ordering service: could not dial endpoint 'localhost:7050': failed to create new connection: connection error: desc = "transport: error while dialing: dial tcp [::1]:7050: connect: connection refused" channel=airlinechannel
[33m2020-07-07 12:01:53.190 UTC [peer.blocksprovider] DeliverBlocks -> WARN 120[0m Could not connect to ordering service: could not dial endpoint 'localhost:7050': failed to create new connection: connection error: desc = "transport: error while dialing: dial tcp [::1]:7050: connect: connection refused" channel=airlinechannel
[33m2020-07-07 12:01:54.261 UTC [peer.blocksprovider] DeliverBlocks -> WARN 121[0m Could not connect to ordering service: could not dial endpoint 'localhost:7050': failed to create new connection: connection error: desc = "transport: error while dialing: dial tcp [::1]:7050: connect: connection refused" channel=airlinechannel
[33m2020-07-07 12:01:55.548 UTC [peer.blocksprovider] DeliverBlocks -> WARN 122[0m Could not connect to ordering service: could not dial endpoint 'localhost:7050': failed to create new connection: connection error: desc = "transport: error while dialing: dial tcp [::1]:7050: connect: connection refused" channel=airlinechannel
[33m2020-07-07 12:01:57.093 UTC [peer.blocksprovider] DeliverBlocks -> WARN 123[0m Could not connect to ordering service: could not dial endpoint 'localhost:7050': failed to create new connection: connection error: desc = "transport: error while dialing: dial tcp [::1]:7050: connect: connection refused" channel=airlinechannel
[33m2020-07-07 12:01:58.943 UTC [peer.blocksprovider] DeliverBlocks -> WARN 124[0m Could not connect to ordering service: could not dial endpoint 'localhost:7050': failed to create new connection: connection error: desc = "transport: error while dialing: dial tcp [::1]:7050: connect: connection refused" channel=airlinechannel
[33m2020-07-07 12:02:01.164 UTC [peer.blocksprovider] DeliverBlocks -> WARN 125[0m Could not connect to ordering service: could not dial endpoint 'localhost:7050': failed to create new connection: connection error: desc = "transport: error while dialing: dial tcp [::1]:7050: connect: connection refused" channel=airlinechannel
[33m2020-07-07 12:02:03.831 UTC [peer.blocksprovider] DeliverBlocks -> WARN 126[0m Could not connect to ordering service: could not dial endpoint 'localhost:7050': failed to create new connection: connection error: desc = "transport: error while dialing: dial tcp [::1]:7050: connect: connection refused" channel=airlinechannel
[33m2020-07-07 12:02:07.032 UTC [peer.blocksprovider] DeliverBlocks -> WARN 127[0m Could not connect to ordering service: could not dial endpoint 'localhost:7050': failed to create new connection: connection error: desc = "transport: error while dialing: dial tcp [::1]:7050: connect: connection refused" channel=airlinechannel
[33m2020-07-07 12:02:10.867 UTC [peer.blocksprovider] DeliverBlocks -> WARN 128[0m Could not connect to ordering service: could not dial endpoint 'localhost:7050': failed to create new connection: connection error: desc = "transport: error while dialing: dial tcp [::1]:7050: connect: connection refused" channel=airlinechannel
[33m2020-07-07 12:02:15.471 UTC [peer.blocksprovider] DeliverBlocks -> WARN 129[0m Could not connect to ordering service: could not dial endpoint 'localhost:7050': failed to create new connection: connection error: desc = "transport: error while dialing: dial tcp [::1]:7050: connect: connection refused" channel=airlinechannel
[33m2020-07-07 12:02:20.997 UTC [peer.blocksprovider] DeliverBlocks -> WARN 12a[0m Could not connect to ordering service: could not dial endpoint 'localhost:7050': failed to create new connection: connection error: desc = "transport: error while dialing: dial tcp [::1]:7050: connect: connection refused" channel=airlinechannel
[33m2020-07-07 12:02:27.623 UTC [peer.blocksprovider] DeliverBlocks -> WARN 12b[0m Could not connect to ordering service: could not dial endpoint 'localhost:7050': failed to create new connection: connection error: desc = "transport: error while dialing: dial tcp [::1]:7050: connect: connection refused" channel=airlinechannel
[34m2020-07-07 12:02:30.827 UTC [nodeCmd] func1 -> INFO 12c[0m Received signal: 15 (terminated)
[34m2020-07-07 12:02:30.827 UTC [gossip.service] Stop -> INFO 12d[0m Stopping chain airlinechannel
[34m2020-07-07 12:02:30.828 UTC [gossip.service] Stop -> INFO 12e[0m Stopping leader election for airlinechannel
[34m2020-07-07 12:02:30.828 UTC [gossip.gossip] Stop -> INFO 12f[0m Stopping gossip
[33m2020-07-07 12:02:30.833 UTC [peer.blocksprovider] DeliverBlocks -> WARN 130[0m Could not connect to ordering service: could not dial endpoint 'localhost:7050': failed to create new connection: connection error: desc = "transport: error while dialing: dial tcp [::1]:7050: connect: connection refused" channel=airlinechannel
[34m2020-07-07 12:02:30.833 UTC [gossip.discovery] Stop -> INFO 131[0m Stopping
[34m2020-07-07 12:02:30.834 UTC [gossip.discovery] Stop -> INFO 132[0m Stopped
[34m2020-07-07 12:02:30.835 UTC [gossip.comm] Stop -> INFO 133[0m Stopping
[34m2020-07-07 12:02:30.835 UTC [gossip.comm] Stop -> INFO 134[0m Stopped
